<?xml version="1.0" encoding="UTF-8"?>
<testng-results ignored="0" total="2" passed="2" failed="0" skipped="0">
  <reporter-output>
  </reporter-output>
  <suite started-at="2022-07-17T10:54:00 IST" name="Default suite" finished-at="2022-07-17T10:54:01 IST" duration-ms="789">
    <groups>
      <group name="cucumber">
        <method signature="AbstractTestNGCucumberTests.runScenario(io.cucumber.testng.PickleWrapper,io.cucumber.testng.FeatureWrapper)[pri:0, instance:testrunner.AmezonTestRunner@351d00c0]" name="runScenario" class="io.cucumber.testng.AbstractTestNGCucumberTests"/>
      </group> <!-- cucumber -->
    </groups>
    <test started-at="2022-07-17T10:54:00 IST" name="Default test" finished-at="2022-07-17T10:54:01 IST" duration-ms="789">
      <class name="testrunner.AmezonTestRunner">
        <test-method is-config="true" signature="setUpClass(org.testng.ITestContext)[pri:0, instance:testrunner.AmezonTestRunner@351d00c0]" started-at="2022-07-17T10:54:00 IST" name="setUpClass" finished-at="2022-07-17T10:54:00 IST" duration-ms="517" status="PASS">
          <params>
            <param index="0">
              <value>
                <![CDATA[org.testng.TestRunner@56303b57]]>
              </value>
            </param>
          </params>
          <reporter-output>
          </reporter-output>
        </test-method> <!-- setUpClass -->
        <test-method signature="runScenario(io.cucumber.testng.PickleWrapper,io.cucumber.testng.FeatureWrapper)[pri:0, instance:testrunner.AmezonTestRunner@351d00c0]" started-at="2022-07-17T10:54:00 IST" name="runScenario" description="Runs Cucumber Scenarios" data-provider="scenarios" finished-at="2022-07-17T10:54:01 IST" duration-ms="151" status="PASS">
          <params>
            <param index="0">
              <value>
                <![CDATA["Search a Apple MAcBook"]]>
              </value>
            </param>
            <param index="1">
              <value>
                <![CDATA["Amezon Search"]]>
              </value>
            </param>
          </params>
          <reporter-output>
          </reporter-output>
        </test-method> <!-- runScenario -->
        <test-method signature="runScenario(io.cucumber.testng.PickleWrapper,io.cucumber.testng.FeatureWrapper)[pri:0, instance:testrunner.AmezonTestRunner@351d00c0]" started-at="2022-07-17T10:54:01 IST" name="runScenario" description="Runs Cucumber Scenarios" data-provider="scenarios" finished-at="2022-07-17T10:54:01 IST" duration-ms="18" status="PASS">
          <params>
            <param index="0">
              <value>
                <![CDATA["Search a Iphone"]]>
              </value>
            </param>
            <param index="1">
              <value>
                <![CDATA["Amezon Search"]]>
              </value>
            </param>
          </params>
          <reporter-output>
          </reporter-output>
        </test-method> <!-- runScenario -->
        <test-method is-config="true" signature="tearDownClass()[pri:0, instance:testrunner.AmezonTestRunner@351d00c0]" started-at="2022-07-17T10:54:01 IST" name="tearDownClass" finished-at="2022-07-17T10:54:01 IST" duration-ms="20" status="PASS">
          <reporter-output>
          </reporter-output>
        </test-method> <!-- tearDownClass -->
      </class> <!-- testrunner.AmezonTestRunner -->
    </test> <!-- Default test -->
  </suite> <!-- Default suite -->
</testng-results>
